==15377== Memcheck, a memory error detector
==15377== Copyright (C) 2002-2022, and GNU GPL'd, by Julian Seward et al.
==15377== Using Valgrind-3.22.0 and LibVEX; rerun with -h for copyright info
==15377== Command: ./menu
==15377== 
==15377== HEAP SUMMARY:
==15377==     in use at exit: 1,722,118 bytes in 8,560 blocks
==15377==   total heap usage: 38,479 allocs, 29,919 frees, 5,359,162 bytes allocated
==15377== 
==15377== 9 bytes in 1 blocks are possibly lost in loss record 111 of 1,210
==15377==    at 0x4846828: malloc (in /usr/libexec/valgrind/vgpreload_memcheck-amd64-linux.so)
==15377==    by 0x4A1635E: strdup (strdup.c:42)
==15377==    by 0x491C6A5: ??? (in /usr/lib/x86_64-linux-gnu/libtinfo.so.6.4)
==15377==    by 0x4921278: _nc_tiparm (in /usr/lib/x86_64-linux-gnu/libtinfo.so.6.4)
==15377==    by 0x48EEB53: newterm_sp (in /usr/lib/x86_64-linux-gnu/libncurses.so.6.4)
==15377==    by 0x48EF4D4: newterm (in /usr/lib/x86_64-linux-gnu/libncurses.so.6.4)
==15377==    by 0x48EF567: initscr (in /usr/lib/x86_64-linux-gnu/libncurses.so.6.4)
==15377==    by 0x10EF92: _initsrc (windows.c:274)
==15377==    by 0x10B255: main (menu.c:226)
==15377== 
==15377== 24 bytes in 1 blocks are possibly lost in loss record 739 of 1,210
==15377==    at 0x4846828: malloc (in /usr/libexec/valgrind/vgpreload_memcheck-amd64-linux.so)
==15377==    by 0x4A8A571: tsearch (tsearch.c:337)
==15377==    by 0x491C6C7: ??? (in /usr/lib/x86_64-linux-gnu/libtinfo.so.6.4)
==15377==    by 0x4921278: _nc_tiparm (in /usr/lib/x86_64-linux-gnu/libtinfo.so.6.4)
==15377==    by 0x48EEB53: newterm_sp (in /usr/lib/x86_64-linux-gnu/libncurses.so.6.4)
==15377==    by 0x48EF4D4: newterm (in /usr/lib/x86_64-linux-gnu/libncurses.so.6.4)
==15377==    by 0x48EF567: initscr (in /usr/lib/x86_64-linux-gnu/libncurses.so.6.4)
==15377==    by 0x10EF92: _initsrc (windows.c:274)
==15377==    by 0x10B255: main (menu.c:226)
==15377== 
==15377== 168 bytes in 1 blocks are possibly lost in loss record 1,000 of 1,210
==15377==    at 0x484D953: calloc (in /usr/libexec/valgrind/vgpreload_memcheck-amd64-linux.so)
==15377==    by 0x491C61E: ??? (in /usr/lib/x86_64-linux-gnu/libtinfo.so.6.4)
==15377==    by 0x4921278: _nc_tiparm (in /usr/lib/x86_64-linux-gnu/libtinfo.so.6.4)
==15377==    by 0x48EEB53: newterm_sp (in /usr/lib/x86_64-linux-gnu/libncurses.so.6.4)
==15377==    by 0x48EF4D4: newterm (in /usr/lib/x86_64-linux-gnu/libncurses.so.6.4)
==15377==    by 0x48EF567: initscr (in /usr/lib/x86_64-linux-gnu/libncurses.so.6.4)
==15377==    by 0x10EF92: _initsrc (windows.c:274)
==15377==    by 0x10B255: main (menu.c:226)
==15377== 
==15377== LEAK SUMMARY:
==15377==    definitely lost: 0 bytes in 0 blocks
==15377==    indirectly lost: 0 bytes in 0 blocks
==15377==      possibly lost: 201 bytes in 3 blocks
==15377==    still reachable: 1,721,917 bytes in 8,557 blocks
==15377==         suppressed: 0 bytes in 0 blocks
==15377== Reachable blocks (those to which a pointer was found) are not shown.
==15377== To see them, rerun with: --leak-check=full --show-leak-kinds=all
==15377== 
==15377== For lists of detected and suppressed errors, rerun with: -s
==15377== ERROR SUMMARY: 3 errors from 3 contexts (suppressed: 0 from 0)
